#
# There is insufficient memory for the Java Runtime Environment to continue.
# Native memory allocation (mmap) failed to map 4161536 bytes for G1 virtual space
# Possible reasons:
#   The system is out of physical RAM or swap space
#   The process is running with CompressedOops enabled, and the Java Heap may be blocking the growth of the native heap
# Possible solutions:
#   Reduce memory load on the system
#   Increase physical memory or swap space
#   Check if swap backing store is full
#   Decrease Java heap size (-Xmx/-Xms)
#   Decrease number of Java threads
#   Decrease Java thread stack sizes (-Xss)
#   Set larger code cache with -XX:ReservedCodeCacheSize=
#   JVM is running with Zero Based Compressed Oops mode in which the Java heap is
#     placed in the first 32GB address space. The Java Heap base address is the
#     maximum limit for the native heap growth. Please use -XX:HeapBaseMinAddress
#     to set the Java Heap base and to place the Java Heap above 32GB virtual address.
# This output file may be truncated or incomplete.
#
#  Out of Memory Error (os_windows.cpp:3613), pid=70064, tid=76260
#
# JRE version:  (17.0.10+7) (build )
# Java VM: OpenJDK 64-Bit Server VM (17.0.10+7, mixed mode, sharing, tiered, compressed oops, compressed class ptrs, g1 gc, windows-amd64)
# No core dump will be written. Minidumps are not enabled by default on client versions of Windows
#

---------------  S U M M A R Y ------------

Command Line: -Dfile.encoding=UTF-8 -Dstdout.encoding=UTF-8 -Dstderr.encoding=UTF-8 -XX:+ShowCodeDetailsInExceptionMessages Base.test1

Host: Intel(R) Core(TM) i5-10210U CPU @ 1.60GHz, 8 cores, 15G,  Windows 11 , 64 bit Build 26100 (10.0.26100.5074)
Time: Sat Oct 11 12:28:37 2025 India Standard Time elapsed time: 1.123049 seconds (0d 0h 0m 1s)

---------------  T H R E A D  ---------------

Current thread (0x0000018873485030):  JavaThread "Unknown thread" [_thread_in_vm, id=76260, stack(0x0000005855400000,0x0000005855500000)]

Stack: [0x0000005855400000,0x0000005855500000]
Native frames: (J=compiled Java code, j=interpreted, Vv=VM code, C=native code)
V  [jvm.dll+0x67d2c9]
V  [jvm.dll+0x834afa]
V  [jvm.dll+0x8365be]
V  [jvm.dll+0x836c23]
V  [jvm.dll+0x2477ff]
V  [jvm.dll+0x67a109]
V  [jvm.dll+0x66eb7a]
V  [jvm.dll+0x30764b]
V  [jvm.dll+0x30eaf6]
V  [jvm.dll+0x35e868]
V  [jvm.dll+0x35ea6f]
V  [jvm.dll+0x2de248]
V  [jvm.dll+0x2df1b4]
V  [jvm.dll+0x806361]
V  [jvm.dll+0x36c6f1]
V  [jvm.dll+0x7e4e06]
V  [jvm.dll+0x3eff3f]
V  [jvm.dll+0x3f1b71]
C  [jli.dll+0x528f]
C  [ucrtbase.dll+0x37b0]
C  [KERNEL32.DLL+0x2e8d7]
C  [ntdll.dll+0x8d9c]


---------------  P R O C E S S  ---------------

Threads class SMR info:
_java_thread_list=0x00007ff8bef0ee98, length=0, elements={
}

Java Threads: ( => current thread )

Other Threads:
  0x00000188734f5920 GCTaskThread "GC Thread#0" [stack: 0x0000005855500000,0x0000005855600000] [id=70344]
  0x0000018873507930 ConcurrentGCThread "G1 Main Marker" [stack: 0x0000005855600000,0x0000005855700000] [id=61980]
  0x0000018873508350 ConcurrentGCThread "G1 Conc#0" [stack: 0x0000005855700000,0x0000005855800000] [id=67988]

[error occurred during error reporting (printing all threads), id 0xc0000005, EXCEPTION_ACCESS_VIOLATION (0xc0000005) at pc=0x00007ff8be6cec87]

VM state: not at safepoint (not fully initialized)

VM Mutex/Monitor currently owned by a thread:  ([mutex/lock_event])
[0x00000188734830a0] Heap_lock - owner thread: 0x0000018873485030

Heap address: 0x0000000703a00000, size: 4038 MB, Compressed Oops mode: Zero based, Oop shift amount: 3

CDS archive(s) mapped at: [0x0000000000000000-0x0000000000000000-0x0000000000000000), size 0, SharedBaseAddress: 0x0000000800000000, ArchiveRelocationMode: 1.
Narrow klass base: 0x0000000000000000, Narrow klass shift: 0, Narrow klass range: 0x0

GC Precious Log:
<Empty>

Heap:
 garbage-first heap   total 0K, used 0K [0x0000000703a00000, 0x0000000800000000)
  region size 2048K, 0 young (0K), 0 survivors (0K)

[error occurred during error reporting (printing heap information), id 0xc0000005, EXCEPTION_ACCESS_VIOLATION (0xc0000005) at pc=0x00007ff8beab6fb9]

GC Heap History (0 events):
No events

Dll operation events (1 events):
Event: 0.012 Loaded shared library C:\eclipse\plugins\org.eclipse.justj.openjdk.hotspot.jre.full.win32.x86_64_17.0.10.v20240120-1143\jre\bin\java.dll

Deoptimization events (0 events):
No events

Classes unloaded (0 events):
No events

Classes redefined (0 events):
No events

Internal exceptions (0 events):
No events

VM Operations (0 events):
No events

Events (0 events):
No events


Dynamic libraries:
0x00007ff66aec0000 - 0x00007ff66aece000 	C:\eclipse\plugins\org.eclipse.justj.openjdk.hotspot.jre.full.win32.x86_64_17.0.10.v20240120-1143\jre\bin\javaw.exe
0x00007ff95b7a0000 - 0x00007ff95ba09000 	C:\WINDOWS\SYSTEM32\ntdll.dll
0x00007ff95a430000 - 0x00007ff95a4f9000 	C:\WINDOWS\System32\KERNEL32.DLL
0x00007ff958c70000 - 0x00007ff959063000 	C:\WINDOWS\System32\KERNELBASE.dll
0x00007ff958b20000 - 0x00007ff958c6b000 	C:\WINDOWS\System32\ucrtbase.dll
0x00007ff93e2c0000 - 0x00007ff93e2db000 	C:\eclipse\plugins\org.eclipse.justj.openjdk.hotspot.jre.full.win32.x86_64_17.0.10.v20240120-1143\jre\bin\VCRUNTIME140.dll
0x00007ff9534d0000 - 0x00007ff9534e7000 	C:\eclipse\plugins\org.eclipse.justj.openjdk.hotspot.jre.full.win32.x86_64_17.0.10.v20240120-1143\jre\bin\jli.dll
0x00007ff95b590000 - 0x00007ff95b754000 	C:\WINDOWS\System32\USER32.dll
0x00007ff958930000 - 0x00007ff958957000 	C:\WINDOWS\System32\win32u.dll
0x00007ff941eb0000 - 0x00007ff942143000 	C:\WINDOWS\WinSxS\amd64_microsoft.windows.common-controls_6595b64144ccf1df_6.0.26100.5074_none_3e0d6f78e32fd63f\COMCTL32.dll
0x00007ff959f00000 - 0x00007ff959f2b000 	C:\WINDOWS\System32\GDI32.dll
0x00007ff95a750000 - 0x00007ff95a7f9000 	C:\WINDOWS\System32\msvcrt.dll
0x00007ff9589f0000 - 0x00007ff958b1d000 	C:\WINDOWS\System32\gdi32full.dll
0x00007ff9591d0000 - 0x00007ff959273000 	C:\WINDOWS\System32\msvcp_win.dll
0x00007ff9595f0000 - 0x00007ff95961f000 	C:\WINDOWS\System32\IMM32.DLL
0x00007ff93e550000 - 0x00007ff93e55c000 	C:\eclipse\plugins\org.eclipse.justj.openjdk.hotspot.jre.full.win32.x86_64_17.0.10.v20240120-1143\jre\bin\vcruntime140_1.dll
0x00007ff9341d0000 - 0x00007ff93425d000 	C:\eclipse\plugins\org.eclipse.justj.openjdk.hotspot.jre.full.win32.x86_64_17.0.10.v20240120-1143\jre\bin\msvcp140.dll
0x00007ff8be3e0000 - 0x00007ff8bf042000 	C:\eclipse\plugins\org.eclipse.justj.openjdk.hotspot.jre.full.win32.x86_64_17.0.10.v20240120-1143\jre\bin\server\jvm.dll
0x00007ff959e40000 - 0x00007ff959ef4000 	C:\WINDOWS\System32\ADVAPI32.dll
0x00007ff95ac50000 - 0x00007ff95acf6000 	C:\WINDOWS\System32\sechost.dll
0x00007ff95a1e0000 - 0x00007ff95a2f8000 	C:\WINDOWS\System32\RPCRT4.dll
0x00007ff958790000 - 0x00007ff9587ee000 	C:\WINDOWS\SYSTEM32\POWRPROF.dll
0x00007ff94a010000 - 0x00007ff94a01a000 	C:\WINDOWS\SYSTEM32\WSOCK32.dll
0x00007ff94b4d0000 - 0x00007ff94b4db000 	C:\WINDOWS\SYSTEM32\VERSION.dll
0x00007ff959570000 - 0x00007ff9595e4000 	C:\WINDOWS\System32\WS2_32.dll
0x00007ff93cef0000 - 0x00007ff93cf25000 	C:\WINDOWS\SYSTEM32\WINMM.dll
0x00007ff958770000 - 0x00007ff958784000 	C:\WINDOWS\SYSTEM32\UMPDC.dll
0x00007ff9576d0000 - 0x00007ff9576eb000 	C:\WINDOWS\SYSTEM32\kernel.appcore.dll
0x00007ff93e500000 - 0x00007ff93e50a000 	C:\eclipse\plugins\org.eclipse.justj.openjdk.hotspot.jre.full.win32.x86_64_17.0.10.v20240120-1143\jre\bin\jimage.dll
0x00007ff955b10000 - 0x00007ff955d52000 	C:\WINDOWS\SYSTEM32\DBGHELP.DLL
0x00007ff95b200000 - 0x00007ff95b57b000 	C:\WINDOWS\System32\combase.dll
0x00007ff95a800000 - 0x00007ff95a8d7000 	C:\WINDOWS\System32\OLEAUT32.dll
0x00007ff9392e0000 - 0x00007ff93931d000 	C:\WINDOWS\SYSTEM32\dbgcore.DLL
0x00007ff959130000 - 0x00007ff9591c9000 	C:\WINDOWS\System32\bcryptPrimitives.dll
0x00007ff92a780000 - 0x00007ff92a7a5000 	C:\eclipse\plugins\org.eclipse.justj.openjdk.hotspot.jre.full.win32.x86_64_17.0.10.v20240120-1143\jre\bin\java.dll

dbghelp: loaded successfully - version: 4.0.5 - missing functions: none
symbol engine: initialized successfully - sym options: 0x614 - pdb path: .;C:\eclipse\plugins\org.eclipse.justj.openjdk.hotspot.jre.full.win32.x86_64_17.0.10.v20240120-1143\jre\bin;C:\WINDOWS\SYSTEM32;C:\WINDOWS\WinSxS\amd64_microsoft.windows.common-controls_6595b64144ccf1df_6.0.26100.5074_none_3e0d6f78e32fd63f;C:\eclipse\plugins\org.eclipse.justj.openjdk.hotspot.jre.full.win32.x86_64_17.0.10.v20240120-1143\jre\bin\server

VM Arguments:
jvm_args: -Dfile.encoding=UTF-8 -Dstdout.encoding=UTF-8 -Dstderr.encoding=UTF-8 -XX:+ShowCodeDetailsInExceptionMessages 
java_command: Base.test1
java_class_path (initial): C:\Users\Niketan Gawade\eclipse-workspace\Playwright-Java\target\classes;C:\Users\Niketan Gawade\.m2\repository\com\microsoft\playwright\playwright\1.54.0\playwright-1.54.0.jar;C:\Users\Niketan Gawade\.m2\repository\com\google\code\gson\gson\2.12.1\gson-2.12.1.jar;C:\Users\Niketan Gawade\.m2\repository\com\google\errorprone\error_prone_annotations\2.36.0\error_prone_annotations-2.36.0.jar;C:\Users\Niketan Gawade\.m2\repository\org\opentest4j\opentest4j\1.3.0\opentest4j-1.3.0.jar;C:\Users\Niketan Gawade\.m2\repository\com\microsoft\playwright\driver\1.54.0\driver-1.54.0.jar;C:\Users\Niketan Gawade\.m2\repository\com\microsoft\playwright\driver-bundle\1.54.0\driver-bundle-1.54.0.jar
Launcher Type: SUN_STANDARD

[Global flags]
     intx CICompilerCount                          = 4                                         {product} {ergonomic}
     uint ConcGCThreads                            = 2                                         {product} {ergonomic}
     uint G1ConcRefinementThreads                  = 8                                         {product} {ergonomic}
   size_t G1HeapRegionSize                         = 2097152                                   {product} {ergonomic}
    uintx GCDrainStackTargetSize                   = 64                                        {product} {ergonomic}
   size_t InitialHeapSize                          = 266338304                                 {product} {ergonomic}
   size_t MarkStackSize                            = 4194304                                   {product} {ergonomic}
   size_t MaxHeapSize                              = 4234149888                                {product} {ergonomic}
   size_t MinHeapDeltaBytes                        = 2097152                                   {product} {ergonomic}
   size_t MinHeapSize                              = 8388608                                   {product} {ergonomic}
    uintx NonNMethodCodeHeapSize                   = 5839372                                {pd product} {ergonomic}
    uintx NonProfiledCodeHeapSize                  = 122909434                              {pd product} {ergonomic}
    uintx ProfiledCodeHeapSize                     = 122909434                              {pd product} {ergonomic}
    uintx ReservedCodeCacheSize                    = 251658240                              {pd product} {ergonomic}
     bool SegmentedCodeCache                       = true                                      {product} {ergonomic}
     bool ShowCodeDetailsInExceptionMessages       = true                                   {manageable} {command line}
   size_t SoftMaxHeapSize                          = 4234149888                             {manageable} {ergonomic}
     bool UseCompressedClassPointers               = true                           {product lp64_product} {ergonomic}
     bool UseCompressedOops                        = true                           {product lp64_product} {ergonomic}
     bool UseG1GC                                  = true                                      {product} {ergonomic}
     bool UseLargePagesIndividualAllocation        = false                                  {pd product} {ergonomic}

Logging:
Log output configuration:
 #0: stdout all=warning uptime,level,tags
 #1: stderr all=off uptime,level,tags

Environment Variables:
PATH=C:/eclipse//plugins/org.eclipse.justj.openjdk.hotspot.jre.full.win32.x86_64_17.0.10.v20240120-1143/jre/bin/server;C:/eclipse//plugins/org.eclipse.justj.openjdk.hotspot.jre.full.win32.x86_64_17.0.10.v20240120-1143/jre/bin;C:\Program Files\Common Files\Oracle\Java\javapath;C:\WINDOWS\system32;C:\WINDOWS;C:\WINDOWS\System32\Wbem;C:\WINDOWS\System32\WindowsPowerShell\v1.0\;C:\WINDOWS\System32\OpenSSH\;C:\Program Files\dotnet\;C:\Program Files\Java\jdk-24;C:\apache-maven-3.9.11\bin;C:\Program Files\Git\cmd;C:\Program Files\nodejs\;C:\Program Files\MySQL\MySQL Shell 8.0\bin\;C:\Users\Niketan Gawade\AppData\Local\Programs\Python\Python313\Scripts\;C:\Users\Niketan Gawade\AppData\Local\Programs\Python\Python313\;C:\Users\Niketan Gawade\AppData\Local\Programs\Python\Launcher\;C:\Users\Niketan Gawade\AppData\Local\Microsoft\WindowsApps;C:\Users\Niketan Gawade\AppData\Roaming\npm;C:\eclipse;
USERNAME=Niketan Gawade
OS=Windows_NT
PROCESSOR_IDENTIFIER=Intel64 Family 6 Model 142 Stepping 12, GenuineIntel
TMP=C:\Users\NIKETA~1\AppData\Local\Temp
TEMP=C:\Users\NIKETA~1\AppData\Local\Temp



Periodic native trim disabled


---------------  S Y S T E M  ---------------

OS:
 Windows 11 , 64 bit Build 26100 (10.0.26100.5074)
OS uptime: 2 days 0:55 hours
Hyper-V role detected

CPU: total 8 (initial active 8) (4 cores per cpu, 2 threads per core) family 6 model 142 stepping 12 microcode 0x100, cx8, cmov, fxsr, ht, mmx, 3dnowpref, sse, sse2, sse3, ssse3, sse4.1, sse4.2, popcnt, lzcnt, tsc, tscinvbit, avx, avx2, aes, erms, clmul, bmi1, bmi2, adx, fma, vzeroupper, clflush, clflushopt, hv
Processor Information for all 8 processors :
  Max Mhz: 2112, Current Mhz: 1609, Mhz Limit: 1605

Memory: 4k page, system-wide physical 16144M (993M free)
TotalPageFile size 65296M (AvailPageFile size 22M)
current process WorkingSet (physical memory assigned to process): 12M, peak: 12M
current process commit charge ("private bytes"): 319M, peak: 322M

vm_info: OpenJDK 64-Bit Server VM (17.0.10+7) for windows-amd64 JRE (17.0.10+7), built on Jan 16 2024 23:25:11 by "admin" with MS VC++ 16.10 / 16.11 (VS2019)

END.
